<?xml version="1.0" encoding="UTF-8"?>
<!-- Generated by org.testng.reporters.JUnitReportReporter -->
<testsuite name="com.selenium.automationpractice.excelManage.ExcelManage" tests="1" time="1.043" ignored="0" failures="0" timestamp="03 Oct 2017 20:44:23 GMT" skipped="0" hostname="DESKTOP-NM4SLRB" errors="0">
  <testcase name="test" time="1.043" classname="com.selenium.automationpractice.excelManage.ExcelManage"/>
</testsuite> <!-- com.selenium.automationpractice.excelManage.ExcelManage -->
