<?xml version="1.0" encoding="UTF-8"?>
<!-- Generated by org.testng.reporters.JUnitReportReporter -->
<testsuite name="com.selenium.automationpractice.testBase.Testbase" tests="1" time="79.792" ignored="0" failures="0" timestamp="25 Sep 2017 19:19:20 GMT" skipped="0" hostname="DESKTOP-NM4SLRB" errors="0">
  <testcase name="test" time="79.792" classname="com.selenium.automationpractice.testBase.Testbase"/>
</testsuite> <!-- com.selenium.automationpractice.testBase.Testbase -->
