<?xml version="1.0" encoding="UTF-8"?>
<!-- Generated by org.testng.reporters.JUnitReportReporter -->
<testsuite name="com.selenium.automationpractice.registration.TC_02_registration" tests="1" time="22.168" ignored="0" failures="0" timestamp="03 Oct 2017 20:49:43 GMT" skipped="0" hostname="DESKTOP-NM4SLRB" errors="0">
  <testcase name="verifyRegistration" time="22.168" classname="com.selenium.automationpractice.registration.TC_02_registration"/>
</testsuite> <!-- com.selenium.automationpractice.registration.TC_02_registration -->
