<?xml version="1.0" encoding="UTF-8"?>
<!-- Generated by org.testng.reporters.JUnitReportReporter -->
<testsuite name="com.selenium.automationpractice.homepage.TC_01_Login_With_Valid_Credential" tests="1" time="784.054" ignored="0" failures="0" timestamp="26 Sep 2017 19:24:20 GMT" skipped="0" hostname="DESKTOP-NM4SLRB" errors="0">
  <testcase name="verifyLoginWithInvalidCredentails" time="784.054" classname="com.selenium.automationpractice.homepage.TC_01_Login_With_Valid_Credential"/>
</testsuite> <!-- com.selenium.automationpractice.homepage.TC_01_Login_With_Valid_Credential -->
