<?xml version="1.0" encoding="UTF-8"?>
<!-- Generated by org.testng.reporters.JUnitReportReporter -->
<testsuite name="com.selenium.automationpractice.registration.TC_02_registration" tests="1" time="0.000" ignored="0" failures="0" timestamp="02 Oct 2017 11:20:05 GMT" skipped="1" hostname="DESKTOP-NM4SLRB" errors="0">
  <testcase name="verifyRegistration" time="0.000" classname="com.selenium.automationpractice.registration.TC_02_registration">
    <skipped/>
  </testcase> <!-- verifyRegistration -->
</testsuite> <!-- com.selenium.automationpractice.registration.TC_02_registration -->
